C:\USERS\FARIS\DOCUMENTS\ODE - OPEN DYNAMICS ENGINE\ODE-0.12\BUILD\HYBRID_DYNAMICS\DEBUG\VC110.PDB
C:\USERS\FARIS\DOCUMENTS\ODE - OPEN DYNAMICS ENGINE\ODE-0.12\BUILD\VS2008\DEBUG\HYBRID_DYNAMICS.ILK
C:\USERS\FARIS\DOCUMENTS\ODE - OPEN DYNAMICS ENGINE\ODE-0.12\BUILD\VS2008\DEBUG\HYBRID_DYNAMICS.EXE
C:\USERS\FARIS\DOCUMENTS\ODE - OPEN DYNAMICS ENGINE\ODE-0.12\BUILD\VS2008\DEBUG\HYBRID_DYNAMICS.PDB
C:\Users\Faris\Documents\ODE - Open Dynamics Engine\ode-0.12\build\hybrid_dynamics\Debug\cl.command.1.tlog
C:\Users\Faris\Documents\ODE - Open Dynamics Engine\ode-0.12\build\hybrid_dynamics\Debug\CL.read.1.tlog
C:\Users\Faris\Documents\ODE - Open Dynamics Engine\ode-0.12\build\hybrid_dynamics\Debug\CL.write.1.tlog
C:\Users\Faris\Documents\ODE - Open Dynamics Engine\ode-0.12\build\hybrid_dynamics\Debug\link-cvtres.read.1.tlog
C:\Users\Faris\Documents\ODE - Open Dynamics Engine\ode-0.12\build\hybrid_dynamics\Debug\link-cvtres.write.1.tlog
C:\Users\Faris\Documents\ODE - Open Dynamics Engine\ode-0.12\build\hybrid_dynamics\Debug\link-rc.read.1.tlog
C:\Users\Faris\Documents\ODE - Open Dynamics Engine\ode-0.12\build\hybrid_dynamics\Debug\link-rc.write.1.tlog
C:\Users\Faris\Documents\ODE - Open Dynamics Engine\ode-0.12\build\hybrid_dynamics\Debug\link.10128-cvtres.read.1.tlog
C:\Users\Faris\Documents\ODE - Open Dynamics Engine\ode-0.12\build\hybrid_dynamics\Debug\link.10128-cvtres.write.1.tlog
C:\Users\Faris\Documents\ODE - Open Dynamics Engine\ode-0.12\build\hybrid_dynamics\Debug\link.10128-rc.read.1.tlog
C:\Users\Faris\Documents\ODE - Open Dynamics Engine\ode-0.12\build\hybrid_dynamics\Debug\link.10128-rc.write.1.tlog
C:\Users\Faris\Documents\ODE - Open Dynamics Engine\ode-0.12\build\hybrid_dynamics\Debug\link.10128.read.1.tlog
C:\Users\Faris\Documents\ODE - Open Dynamics Engine\ode-0.12\build\hybrid_dynamics\Debug\link.10128.write.1.tlog
C:\Users\Faris\Documents\ODE - Open Dynamics Engine\ode-0.12\build\hybrid_dynamics\Debug\link.10480-cvtres.read.1.tlog
C:\Users\Faris\Documents\ODE - Open Dynamics Engine\ode-0.12\build\hybrid_dynamics\Debug\link.10480-cvtres.write.1.tlog
C:\Users\Faris\Documents\ODE - Open Dynamics Engine\ode-0.12\build\hybrid_dynamics\Debug\link.10480-rc.read.1.tlog
C:\Users\Faris\Documents\ODE - Open Dynamics Engine\ode-0.12\build\hybrid_dynamics\Debug\link.10480-rc.write.1.tlog
C:\Users\Faris\Documents\ODE - Open Dynamics Engine\ode-0.12\build\hybrid_dynamics\Debug\link.10480.read.1.tlog
C:\Users\Faris\Documents\ODE - Open Dynamics Engine\ode-0.12\build\hybrid_dynamics\Debug\link.10480.write.1.tlog
C:\Users\Faris\Documents\ODE - Open Dynamics Engine\ode-0.12\build\hybrid_dynamics\Debug\link.1116-cvtres.read.1.tlog
C:\Users\Faris\Documents\ODE - Open Dynamics Engine\ode-0.12\build\hybrid_dynamics\Debug\link.1116-cvtres.write.1.tlog
C:\Users\Faris\Documents\ODE - Open Dynamics Engine\ode-0.12\build\hybrid_dynamics\Debug\link.1116-rc.read.1.tlog
C:\Users\Faris\Documents\ODE - Open Dynamics Engine\ode-0.12\build\hybrid_dynamics\Debug\link.1116-rc.write.1.tlog
C:\Users\Faris\Documents\ODE - Open Dynamics Engine\ode-0.12\build\hybrid_dynamics\Debug\link.1116.read.1.tlog
C:\Users\Faris\Documents\ODE - Open Dynamics Engine\ode-0.12\build\hybrid_dynamics\Debug\link.1116.write.1.tlog
C:\Users\Faris\Documents\ODE - Open Dynamics Engine\ode-0.12\build\hybrid_dynamics\Debug\link.11380-cvtres.read.1.tlog
C:\Users\Faris\Documents\ODE - Open Dynamics Engine\ode-0.12\build\hybrid_dynamics\Debug\link.11380-cvtres.write.1.tlog
C:\Users\Faris\Documents\ODE - Open Dynamics Engine\ode-0.12\build\hybrid_dynamics\Debug\link.11380-rc.read.1.tlog
C:\Users\Faris\Documents\ODE - Open Dynamics Engine\ode-0.12\build\hybrid_dynamics\Debug\link.11380-rc.write.1.tlog
C:\Users\Faris\Documents\ODE - Open Dynamics Engine\ode-0.12\build\hybrid_dynamics\Debug\link.11380.read.1.tlog
C:\Users\Faris\Documents\ODE - Open Dynamics Engine\ode-0.12\build\hybrid_dynamics\Debug\link.11380.write.1.tlog
C:\Users\Faris\Documents\ODE - Open Dynamics Engine\ode-0.12\build\hybrid_dynamics\Debug\link.2472-cvtres.read.1.tlog
C:\Users\Faris\Documents\ODE - Open Dynamics Engine\ode-0.12\build\hybrid_dynamics\Debug\link.2472-cvtres.write.1.tlog
C:\Users\Faris\Documents\ODE - Open Dynamics Engine\ode-0.12\build\hybrid_dynamics\Debug\link.2472-rc.read.1.tlog
C:\Users\Faris\Documents\ODE - Open Dynamics Engine\ode-0.12\build\hybrid_dynamics\Debug\link.2472-rc.write.1.tlog
C:\Users\Faris\Documents\ODE - Open Dynamics Engine\ode-0.12\build\hybrid_dynamics\Debug\link.2472.read.1.tlog
C:\Users\Faris\Documents\ODE - Open Dynamics Engine\ode-0.12\build\hybrid_dynamics\Debug\link.2472.write.1.tlog
C:\Users\Faris\Documents\ODE - Open Dynamics Engine\ode-0.12\build\hybrid_dynamics\Debug\link.3480-cvtres.read.1.tlog
C:\Users\Faris\Documents\ODE - Open Dynamics Engine\ode-0.12\build\hybrid_dynamics\Debug\link.3480-cvtres.write.1.tlog
C:\Users\Faris\Documents\ODE - Open Dynamics Engine\ode-0.12\build\hybrid_dynamics\Debug\link.3480-rc.read.1.tlog
C:\Users\Faris\Documents\ODE - Open Dynamics Engine\ode-0.12\build\hybrid_dynamics\Debug\link.3480-rc.write.1.tlog
C:\Users\Faris\Documents\ODE - Open Dynamics Engine\ode-0.12\build\hybrid_dynamics\Debug\link.3480.read.1.tlog
C:\Users\Faris\Documents\ODE - Open Dynamics Engine\ode-0.12\build\hybrid_dynamics\Debug\link.3480.write.1.tlog
C:\Users\Faris\Documents\ODE - Open Dynamics Engine\ode-0.12\build\hybrid_dynamics\Debug\link.3600-cvtres.read.1.tlog
C:\Users\Faris\Documents\ODE - Open Dynamics Engine\ode-0.12\build\hybrid_dynamics\Debug\link.3600-cvtres.write.1.tlog
C:\Users\Faris\Documents\ODE - Open Dynamics Engine\ode-0.12\build\hybrid_dynamics\Debug\link.3600-rc.read.1.tlog
C:\Users\Faris\Documents\ODE - Open Dynamics Engine\ode-0.12\build\hybrid_dynamics\Debug\link.3600-rc.write.1.tlog
C:\Users\Faris\Documents\ODE - Open Dynamics Engine\ode-0.12\build\hybrid_dynamics\Debug\link.3600.read.1.tlog
C:\Users\Faris\Documents\ODE - Open Dynamics Engine\ode-0.12\build\hybrid_dynamics\Debug\link.3600.write.1.tlog
C:\Users\Faris\Documents\ODE - Open Dynamics Engine\ode-0.12\build\hybrid_dynamics\Debug\link.3748-cvtres.read.1.tlog
C:\Users\Faris\Documents\ODE - Open Dynamics Engine\ode-0.12\build\hybrid_dynamics\Debug\link.3748-cvtres.write.1.tlog
C:\Users\Faris\Documents\ODE - Open Dynamics Engine\ode-0.12\build\hybrid_dynamics\Debug\link.3748-rc.read.1.tlog
C:\Users\Faris\Documents\ODE - Open Dynamics Engine\ode-0.12\build\hybrid_dynamics\Debug\link.3748-rc.write.1.tlog
C:\Users\Faris\Documents\ODE - Open Dynamics Engine\ode-0.12\build\hybrid_dynamics\Debug\link.3748.read.1.tlog
C:\Users\Faris\Documents\ODE - Open Dynamics Engine\ode-0.12\build\hybrid_dynamics\Debug\link.3748.write.1.tlog
C:\Users\Faris\Documents\ODE - Open Dynamics Engine\ode-0.12\build\hybrid_dynamics\Debug\link.4344-cvtres.read.1.tlog
C:\Users\Faris\Documents\ODE - Open Dynamics Engine\ode-0.12\build\hybrid_dynamics\Debug\link.4344-cvtres.write.1.tlog
C:\Users\Faris\Documents\ODE - Open Dynamics Engine\ode-0.12\build\hybrid_dynamics\Debug\link.4344-rc.read.1.tlog
C:\Users\Faris\Documents\ODE - Open Dynamics Engine\ode-0.12\build\hybrid_dynamics\Debug\link.4344-rc.write.1.tlog
C:\Users\Faris\Documents\ODE - Open Dynamics Engine\ode-0.12\build\hybrid_dynamics\Debug\link.4344.read.1.tlog
C:\Users\Faris\Documents\ODE - Open Dynamics Engine\ode-0.12\build\hybrid_dynamics\Debug\link.4344.write.1.tlog
C:\Users\Faris\Documents\ODE - Open Dynamics Engine\ode-0.12\build\hybrid_dynamics\Debug\link.4720-cvtres.read.1.tlog
C:\Users\Faris\Documents\ODE - Open Dynamics Engine\ode-0.12\build\hybrid_dynamics\Debug\link.4720-cvtres.write.1.tlog
C:\Users\Faris\Documents\ODE - Open Dynamics Engine\ode-0.12\build\hybrid_dynamics\Debug\link.4720-rc.read.1.tlog
C:\Users\Faris\Documents\ODE - Open Dynamics Engine\ode-0.12\build\hybrid_dynamics\Debug\link.4720-rc.write.1.tlog
C:\Users\Faris\Documents\ODE - Open Dynamics Engine\ode-0.12\build\hybrid_dynamics\Debug\link.4720.read.1.tlog
C:\Users\Faris\Documents\ODE - Open Dynamics Engine\ode-0.12\build\hybrid_dynamics\Debug\link.4720.write.1.tlog
C:\Users\Faris\Documents\ODE - Open Dynamics Engine\ode-0.12\build\hybrid_dynamics\Debug\link.5164-cvtres.read.1.tlog
C:\Users\Faris\Documents\ODE - Open Dynamics Engine\ode-0.12\build\hybrid_dynamics\Debug\link.5164-cvtres.write.1.tlog
C:\Users\Faris\Documents\ODE - Open Dynamics Engine\ode-0.12\build\hybrid_dynamics\Debug\link.5164-rc.read.1.tlog
C:\Users\Faris\Documents\ODE - Open Dynamics Engine\ode-0.12\build\hybrid_dynamics\Debug\link.5164-rc.write.1.tlog
C:\Users\Faris\Documents\ODE - Open Dynamics Engine\ode-0.12\build\hybrid_dynamics\Debug\link.5164.read.1.tlog
C:\Users\Faris\Documents\ODE - Open Dynamics Engine\ode-0.12\build\hybrid_dynamics\Debug\link.5164.write.1.tlog
C:\Users\Faris\Documents\ODE - Open Dynamics Engine\ode-0.12\build\hybrid_dynamics\Debug\link.5972-cvtres.read.1.tlog
C:\Users\Faris\Documents\ODE - Open Dynamics Engine\ode-0.12\build\hybrid_dynamics\Debug\link.5972-cvtres.write.1.tlog
C:\Users\Faris\Documents\ODE - Open Dynamics Engine\ode-0.12\build\hybrid_dynamics\Debug\link.5972-rc.read.1.tlog
C:\Users\Faris\Documents\ODE - Open Dynamics Engine\ode-0.12\build\hybrid_dynamics\Debug\link.5972-rc.write.1.tlog
C:\Users\Faris\Documents\ODE - Open Dynamics Engine\ode-0.12\build\hybrid_dynamics\Debug\link.5972.read.1.tlog
C:\Users\Faris\Documents\ODE - Open Dynamics Engine\ode-0.12\build\hybrid_dynamics\Debug\link.5972.write.1.tlog
C:\Users\Faris\Documents\ODE - Open Dynamics Engine\ode-0.12\build\hybrid_dynamics\Debug\link.6004-cvtres.read.1.tlog
C:\Users\Faris\Documents\ODE - Open Dynamics Engine\ode-0.12\build\hybrid_dynamics\Debug\link.6004-cvtres.write.1.tlog
C:\Users\Faris\Documents\ODE - Open Dynamics Engine\ode-0.12\build\hybrid_dynamics\Debug\link.6004-rc.read.1.tlog
C:\Users\Faris\Documents\ODE - Open Dynamics Engine\ode-0.12\build\hybrid_dynamics\Debug\link.6004-rc.write.1.tlog
C:\Users\Faris\Documents\ODE - Open Dynamics Engine\ode-0.12\build\hybrid_dynamics\Debug\link.6004.read.1.tlog
C:\Users\Faris\Documents\ODE - Open Dynamics Engine\ode-0.12\build\hybrid_dynamics\Debug\link.6004.write.1.tlog
C:\Users\Faris\Documents\ODE - Open Dynamics Engine\ode-0.12\build\hybrid_dynamics\Debug\link.676-cvtres.read.1.tlog
C:\Users\Faris\Documents\ODE - Open Dynamics Engine\ode-0.12\build\hybrid_dynamics\Debug\link.676-cvtres.write.1.tlog
C:\Users\Faris\Documents\ODE - Open Dynamics Engine\ode-0.12\build\hybrid_dynamics\Debug\link.676-rc.read.1.tlog
C:\Users\Faris\Documents\ODE - Open Dynamics Engine\ode-0.12\build\hybrid_dynamics\Debug\link.676-rc.write.1.tlog
C:\Users\Faris\Documents\ODE - Open Dynamics Engine\ode-0.12\build\hybrid_dynamics\Debug\link.676.read.1.tlog
C:\Users\Faris\Documents\ODE - Open Dynamics Engine\ode-0.12\build\hybrid_dynamics\Debug\link.676.write.1.tlog
C:\Users\Faris\Documents\ODE - Open Dynamics Engine\ode-0.12\build\hybrid_dynamics\Debug\link.6968-cvtres.read.1.tlog
C:\Users\Faris\Documents\ODE - Open Dynamics Engine\ode-0.12\build\hybrid_dynamics\Debug\link.6968-cvtres.write.1.tlog
C:\Users\Faris\Documents\ODE - Open Dynamics Engine\ode-0.12\build\hybrid_dynamics\Debug\link.6968-rc.read.1.tlog
C:\Users\Faris\Documents\ODE - Open Dynamics Engine\ode-0.12\build\hybrid_dynamics\Debug\link.6968-rc.write.1.tlog
C:\Users\Faris\Documents\ODE - Open Dynamics Engine\ode-0.12\build\hybrid_dynamics\Debug\link.6968.read.1.tlog
C:\Users\Faris\Documents\ODE - Open Dynamics Engine\ode-0.12\build\hybrid_dynamics\Debug\link.6968.write.1.tlog
C:\Users\Faris\Documents\ODE - Open Dynamics Engine\ode-0.12\build\hybrid_dynamics\Debug\link.7060-cvtres.read.1.tlog
C:\Users\Faris\Documents\ODE - Open Dynamics Engine\ode-0.12\build\hybrid_dynamics\Debug\link.7060-cvtres.write.1.tlog
C:\Users\Faris\Documents\ODE - Open Dynamics Engine\ode-0.12\build\hybrid_dynamics\Debug\link.7060-rc.read.1.tlog
C:\Users\Faris\Documents\ODE - Open Dynamics Engine\ode-0.12\build\hybrid_dynamics\Debug\link.7060-rc.write.1.tlog
C:\Users\Faris\Documents\ODE - Open Dynamics Engine\ode-0.12\build\hybrid_dynamics\Debug\link.7060.read.1.tlog
C:\Users\Faris\Documents\ODE - Open Dynamics Engine\ode-0.12\build\hybrid_dynamics\Debug\link.7060.write.1.tlog
C:\Users\Faris\Documents\ODE - Open Dynamics Engine\ode-0.12\build\hybrid_dynamics\Debug\link.7684-cvtres.read.1.tlog
C:\Users\Faris\Documents\ODE - Open Dynamics Engine\ode-0.12\build\hybrid_dynamics\Debug\link.7684-cvtres.write.1.tlog
C:\Users\Faris\Documents\ODE - Open Dynamics Engine\ode-0.12\build\hybrid_dynamics\Debug\link.7684-rc.read.1.tlog
C:\Users\Faris\Documents\ODE - Open Dynamics Engine\ode-0.12\build\hybrid_dynamics\Debug\link.7684-rc.write.1.tlog
C:\Users\Faris\Documents\ODE - Open Dynamics Engine\ode-0.12\build\hybrid_dynamics\Debug\link.7684.read.1.tlog
C:\Users\Faris\Documents\ODE - Open Dynamics Engine\ode-0.12\build\hybrid_dynamics\Debug\link.7684.write.1.tlog
C:\Users\Faris\Documents\ODE - Open Dynamics Engine\ode-0.12\build\hybrid_dynamics\Debug\link.7740-cvtres.read.1.tlog
C:\Users\Faris\Documents\ODE - Open Dynamics Engine\ode-0.12\build\hybrid_dynamics\Debug\link.7740-cvtres.write.1.tlog
C:\Users\Faris\Documents\ODE - Open Dynamics Engine\ode-0.12\build\hybrid_dynamics\Debug\link.7740-rc.read.1.tlog
C:\Users\Faris\Documents\ODE - Open Dynamics Engine\ode-0.12\build\hybrid_dynamics\Debug\link.7740-rc.write.1.tlog
C:\Users\Faris\Documents\ODE - Open Dynamics Engine\ode-0.12\build\hybrid_dynamics\Debug\link.7740.read.1.tlog
C:\Users\Faris\Documents\ODE - Open Dynamics Engine\ode-0.12\build\hybrid_dynamics\Debug\link.7740.write.1.tlog
C:\Users\Faris\Documents\ODE - Open Dynamics Engine\ode-0.12\build\hybrid_dynamics\Debug\link.8008-cvtres.read.1.tlog
C:\Users\Faris\Documents\ODE - Open Dynamics Engine\ode-0.12\build\hybrid_dynamics\Debug\link.8008-cvtres.write.1.tlog
C:\Users\Faris\Documents\ODE - Open Dynamics Engine\ode-0.12\build\hybrid_dynamics\Debug\link.8008-rc.read.1.tlog
C:\Users\Faris\Documents\ODE - Open Dynamics Engine\ode-0.12\build\hybrid_dynamics\Debug\link.8008-rc.write.1.tlog
C:\Users\Faris\Documents\ODE - Open Dynamics Engine\ode-0.12\build\hybrid_dynamics\Debug\link.8008.read.1.tlog
C:\Users\Faris\Documents\ODE - Open Dynamics Engine\ode-0.12\build\hybrid_dynamics\Debug\link.8008.write.1.tlog
C:\Users\Faris\Documents\ODE - Open Dynamics Engine\ode-0.12\build\hybrid_dynamics\Debug\link.8172-cvtres.read.1.tlog
C:\Users\Faris\Documents\ODE - Open Dynamics Engine\ode-0.12\build\hybrid_dynamics\Debug\link.8172-cvtres.write.1.tlog
C:\Users\Faris\Documents\ODE - Open Dynamics Engine\ode-0.12\build\hybrid_dynamics\Debug\link.8172-rc.read.1.tlog
C:\Users\Faris\Documents\ODE - Open Dynamics Engine\ode-0.12\build\hybrid_dynamics\Debug\link.8172-rc.write.1.tlog
C:\Users\Faris\Documents\ODE - Open Dynamics Engine\ode-0.12\build\hybrid_dynamics\Debug\link.8172.read.1.tlog
C:\Users\Faris\Documents\ODE - Open Dynamics Engine\ode-0.12\build\hybrid_dynamics\Debug\link.8172.write.1.tlog
C:\Users\Faris\Documents\ODE - Open Dynamics Engine\ode-0.12\build\hybrid_dynamics\Debug\link.8328-cvtres.read.1.tlog
C:\Users\Faris\Documents\ODE - Open Dynamics Engine\ode-0.12\build\hybrid_dynamics\Debug\link.8328-cvtres.write.1.tlog
C:\Users\Faris\Documents\ODE - Open Dynamics Engine\ode-0.12\build\hybrid_dynamics\Debug\link.8328-rc.read.1.tlog
C:\Users\Faris\Documents\ODE - Open Dynamics Engine\ode-0.12\build\hybrid_dynamics\Debug\link.8328-rc.write.1.tlog
C:\Users\Faris\Documents\ODE - Open Dynamics Engine\ode-0.12\build\hybrid_dynamics\Debug\link.8328.read.1.tlog
C:\Users\Faris\Documents\ODE - Open Dynamics Engine\ode-0.12\build\hybrid_dynamics\Debug\link.8328.write.1.tlog
C:\Users\Faris\Documents\ODE - Open Dynamics Engine\ode-0.12\build\hybrid_dynamics\Debug\link.8336-cvtres.read.1.tlog
C:\Users\Faris\Documents\ODE - Open Dynamics Engine\ode-0.12\build\hybrid_dynamics\Debug\link.8336-cvtres.write.1.tlog
C:\Users\Faris\Documents\ODE - Open Dynamics Engine\ode-0.12\build\hybrid_dynamics\Debug\link.8336-rc.read.1.tlog
C:\Users\Faris\Documents\ODE - Open Dynamics Engine\ode-0.12\build\hybrid_dynamics\Debug\link.8336-rc.write.1.tlog
C:\Users\Faris\Documents\ODE - Open Dynamics Engine\ode-0.12\build\hybrid_dynamics\Debug\link.8336.read.1.tlog
C:\Users\Faris\Documents\ODE - Open Dynamics Engine\ode-0.12\build\hybrid_dynamics\Debug\link.8336.write.1.tlog
C:\Users\Faris\Documents\ODE - Open Dynamics Engine\ode-0.12\build\hybrid_dynamics\Debug\link.9112-cvtres.read.1.tlog
C:\Users\Faris\Documents\ODE - Open Dynamics Engine\ode-0.12\build\hybrid_dynamics\Debug\link.9112-cvtres.write.1.tlog
C:\Users\Faris\Documents\ODE - Open Dynamics Engine\ode-0.12\build\hybrid_dynamics\Debug\link.9112-rc.read.1.tlog
C:\Users\Faris\Documents\ODE - Open Dynamics Engine\ode-0.12\build\hybrid_dynamics\Debug\link.9112-rc.write.1.tlog
C:\Users\Faris\Documents\ODE - Open Dynamics Engine\ode-0.12\build\hybrid_dynamics\Debug\link.9112.read.1.tlog
C:\Users\Faris\Documents\ODE - Open Dynamics Engine\ode-0.12\build\hybrid_dynamics\Debug\link.9112.write.1.tlog
C:\Users\Faris\Documents\ODE - Open Dynamics Engine\ode-0.12\build\hybrid_dynamics\Debug\link.9188-cvtres.read.1.tlog
C:\Users\Faris\Documents\ODE - Open Dynamics Engine\ode-0.12\build\hybrid_dynamics\Debug\link.9188-cvtres.write.1.tlog
C:\Users\Faris\Documents\ODE - Open Dynamics Engine\ode-0.12\build\hybrid_dynamics\Debug\link.9188-rc.read.1.tlog
C:\Users\Faris\Documents\ODE - Open Dynamics Engine\ode-0.12\build\hybrid_dynamics\Debug\link.9188-rc.write.1.tlog
C:\Users\Faris\Documents\ODE - Open Dynamics Engine\ode-0.12\build\hybrid_dynamics\Debug\link.9188.read.1.tlog
C:\Users\Faris\Documents\ODE - Open Dynamics Engine\ode-0.12\build\hybrid_dynamics\Debug\link.9188.write.1.tlog
C:\Users\Faris\Documents\ODE - Open Dynamics Engine\ode-0.12\build\hybrid_dynamics\Debug\link.9396-cvtres.read.1.tlog
C:\Users\Faris\Documents\ODE - Open Dynamics Engine\ode-0.12\build\hybrid_dynamics\Debug\link.9396-cvtres.write.1.tlog
C:\Users\Faris\Documents\ODE - Open Dynamics Engine\ode-0.12\build\hybrid_dynamics\Debug\link.9396-rc.read.1.tlog
C:\Users\Faris\Documents\ODE - Open Dynamics Engine\ode-0.12\build\hybrid_dynamics\Debug\link.9396-rc.write.1.tlog
C:\Users\Faris\Documents\ODE - Open Dynamics Engine\ode-0.12\build\hybrid_dynamics\Debug\link.9396.read.1.tlog
C:\Users\Faris\Documents\ODE - Open Dynamics Engine\ode-0.12\build\hybrid_dynamics\Debug\link.9396.write.1.tlog
C:\Users\Faris\Documents\ODE - Open Dynamics Engine\ode-0.12\build\hybrid_dynamics\Debug\link.command.1.tlog
C:\Users\Faris\Documents\ODE - Open Dynamics Engine\ode-0.12\build\hybrid_dynamics\Debug\link.read.1.tlog
C:\Users\Faris\Documents\ODE - Open Dynamics Engine\ode-0.12\build\hybrid_dynamics\Debug\link.write.1.tlog
C:\Users\Faris\Documents\ODE - Open Dynamics Engine\ode-0.12\build\hybrid_dynamics\Debug\vc110.idb
C:\Users\Faris\Documents\ODE - Open Dynamics Engine\ode-0.12\build\hybrid_dynamics\Debug\vc110.pdb
C:\Users\Faris\Documents\ODE - Open Dynamics Engine\ode-0.12\build\vs2008\Debug\hybrid_dynamics.pdb
C:\Users\Faris\Documents\ODE - Open Dynamics Engine\ode-0.12\build\vs2008\Debug\hybrid_dynamics.exe
C:\Users\Faris\Documents\ODE - Open Dynamics Engine\ode-0.12\build\vs2008\Debug\hybrid_dynamics.ilk
